<?xml version="1.0" encoding="UTF-8"?>
<!-- Generated by org.testng.reporters.JUnitReportReporter -->
<testsuite hostname="Anjani-window-10" name="com.crm.qa.tests.HomePageTest" tests="3" failures="0" timestamp="22 May 2019 21:14:26 GMT" time="63.051" errors="0">
  <testcase name="verifyContactLinkTest" time="22.829" classname="com.crm.qa.tests.HomePageTest"/>
  <testcase name="verifyHomePageTitleTest" time="19.771" classname="com.crm.qa.tests.HomePageTest"/>
  <testcase name="verifyUserNameTest" time="20.451" classname="com.crm.qa.tests.HomePageTest"/>
</testsuite> <!-- com.crm.qa.tests.HomePageTest -->
