<?xml version="1.0" encoding="UTF-8"?>
<!-- Generated by org.testng.reporters.JUnitReportReporter -->
<testsuite hostname="Anjani-window-10" name="com.crm.qa.tests.LoginPageTest" tests="3" failures="0" timestamp="22 May 2019 21:14:26 GMT" time="42.251" errors="0">
  <testcase name="crmLogoImgageTest" time="11.250" classname="com.crm.qa.tests.LoginPageTest"/>
  <testcase name="loginTest" time="19.195" classname="com.crm.qa.tests.LoginPageTest"/>
  <testcase name="loginPageValidateTitleTest" time="11.806" classname="com.crm.qa.tests.LoginPageTest"/>
</testsuite> <!-- com.crm.qa.tests.LoginPageTest -->
