<?xml version="1.0" encoding="UTF-8"?>
<!-- Generated by org.testng.reporters.JUnitReportReporter -->
<testsuite hostname="Anjani-window-10" name="com.crm.qa.tests.ContactPageTest" tests="5" failures="0" timestamp="22 May 2019 21:14:26 GMT" time="122.313" errors="0">
  <testcase name="validateCreateNewContact" time="26.922" classname="com.crm.qa.tests.ContactPageTest"/>
  <testcase name="selectMultipleContactTest" time="23.274" classname="com.crm.qa.tests.ContactPageTest"/>
  <testcase name="validateCreateNewContact" time="27.103" classname="com.crm.qa.tests.ContactPageTest"/>
  <testcase name="selectsingleContactTest" time="21.210" classname="com.crm.qa.tests.ContactPageTest"/>
  <testcase name="verifyContactLevelTest" time="23.804" classname="com.crm.qa.tests.ContactPageTest"/>
</testsuite> <!-- com.crm.qa.tests.ContactPageTest -->
