<?xml version="1.0" encoding="UTF-8"?>
<!-- Generated by org.testng.reporters.JUnitReportReporter -->
<testsuite hostname="Anjani-window-10" name="com.crm.qa.tests.ContactPageTest2" tests="5" failures="0" timestamp="18 May 2019 20:39:03 GMT" time="125.144" errors="0">
  <testcase name="verifyContactLevelTest" time="20.945" classname="com.crm.qa.tests.ContactPageTest2"/>
  <testcase name="validateCreateNewContact" time="28.186" classname="com.crm.qa.tests.ContactPageTest2"/>
  <testcase name="selectMultipleContactTest" time="26.098" classname="com.crm.qa.tests.ContactPageTest2"/>
  <testcase name="validateCreateNewContact" time="27.705" classname="com.crm.qa.tests.ContactPageTest2"/>
  <testcase name="selectsingleContactTest" time="22.210" classname="com.crm.qa.tests.ContactPageTest2"/>
</testsuite> <!-- com.crm.qa.tests.ContactPageTest2 -->
